occult-flash-tag/app/build/outputs/mapping/release/seeds.txt
br.eti.erickcouto.occultflashtag.NtpService
br.eti.erickcouto.occultflashtag.EventActivity
br.eti.erickcouto.occultflashtag.BootUpReceiver
br.eti.erickcouto.occultflashtag.NetworkReceiver
br.eti.erickcouto.occultflashtag.OccultFlashTag
br.eti.erickcouto.occultflashtag.SettingsFragment
br.eti.erickcouto.occultflashtag.SettingsActivity_nuew
br.eti.erickcouto.occultflashtag.DetailsActivity
br.eti.erickcouto.occultflashtag.SettingsActivity
br.eti.erickcouto.occultflashtag.TimePickerFragment
br.eti.erickcouto.occultflashtag.DataApplication
br.eti.erickcouto.occultflashtag.DetailsActivity: DetailsActivity()
br.eti.erickcouto.occultflashtag.NetworkReceiver: NetworkReceiver()
br.eti.erickcouto.occultflashtag.TimePickerFragment: TimePickerFragment()
br.eti.erickcouto.occultflashtag.EventActivity: EventActivity()
br.eti.erickcouto.occultflashtag.BootUpReceiver: BootUpReceiver()
br.eti.erickcouto.occultflashtag.DataApplication: DataApplication()
br.eti.erickcouto.occultflashtag.ENtpServer: br.eti.erickcouto.occultflashtag.ENtpServer valueOf(java.lang.String)
br.eti.erickcouto.occultflashtag.OccultFlashTag: void showUTC1Dialog(android.view.View)
br.eti.erickcouto.occultflashtag.SettingsFragment: SettingsFragment()
br.eti.erickcouto.occultflashtag.NtpService: NtpService()
br.eti.erickcouto.occultflashtag.OccultFlashTag: OccultFlashTag()
br.eti.erickcouto.occultflashtag.OccultFlashTag: void stop(android.view.View)
br.eti.erickcouto.occultflashtag.OccultFlashTag: void showUTC2Dialog(android.view.View)
br.eti.erickcouto.occultflashtag.ENtpServer: br.eti.erickcouto.occultflashtag.ENtpServer[] values()
br.eti.erickcouto.occultflashtag.SettingsActivity_nuew: SettingsActivity_nuew()
br.eti.erickcouto.occultflashtag.OccultFlashTag: void start(android.view.View)
br.eti.erickcouto.occultflashtag.SettingsActivity: SettingsActivity()
...
com.google.android.material.textfield.TextInputLayout: void setBoxStrokeWidthResource(int)
com.google.android.material.appbar.AppBarLayout$BaseBehavior: AppBarLayout$BaseBehavior()
androidx.media.AudioAttributesCompatParcelizer: AudioAttributesCompatParcelizer()
androidx.core.view.ViewParentCompat$Api21Impl: boolean onStartNestedScroll(android.view.ViewParent,android.view.View,android.view.View,int)
androidx.core.view.MenuItemCompat$Api26Impl: android.content.res.ColorStateList getIconTintList(android.view.MenuItem)
androidx.core.app.AppOpsManagerCompat$Api23Impl: int noteProxyOpNoThrow(android.app.AppOpsManager,java.lang.String,java.lang.String)
com.google.android.material.chip.Chip: void setCloseIconVisible(int)
androidx.coordinatorlayout.widget.CoordinatorLayout: void setOnHierarchyChangeListener(android.view.ViewGroup$OnHierarchyChangeListener)
androidx.core.graphics.drawable.DrawableCompat$Api23Impl: int getLayoutDirection(android.graphics.drawable.Drawable)
androidx.appcompat.widget.ActivityChooserView$InnerLayout: ActivityChooserView$InnerLayout(android.content.Context,android.util.AttributeSet)
androidx.appcompat.widget.Toolbar: int getCurrentContentInsetLeft()
androidx.recyclerview.widget.RecyclerView$Adapter$StateRestorationPolicy: androidx.recyclerview.widget.RecyclerView$Adapter$StateRestorationPolicy[] values()
com.google.android.material.internal.ForegroundLinearLayout: android.graphics.drawable.Drawable getForeground()
com.google.android.material.chip.Chip: void setCloseIconEnabledResource(int)
androidx.vectordrawable.graphics.drawable.VectorDrawableCompat$VFullPath: void setTrimPathEnd(float)
android.support.v4.app.RemoteActionCompatParcelizer: void write(androidx.core.app.RemoteActionCompat,androidx.versionedparcelable.VersionedParcel)
com.google.android.material.textfield.TextInputLayout: void setBoxStrokeWidth(int)
com.google.android.material.textfield.TextInputLayout: void setBoxStrokeErrorColor(android.content.res.ColorStateList)
com.google.android.material.textfield.TextInputLayout: void setMaxEms(int)
com.google.android.material.button.MaterialButton: android.text.Layout$Alignment getActualTextAlignment()
com.google.android.material.textfield.TextInputLayout: java.lang.CharSequence getErrorContentDescription()
androidx.core.view.WindowInsetsCompat$BuilderImpl: void setMandatorySystemGestureInsets(androidx.core.graphics.Insets)
androidx.appcompat.widget.Toolbar: int getContentInsetLeft()
androidx.core.app.NotificationCompatBuilder$Api26Impl: android.app.Notification$Builder createBuilder(android.content.Context,java.lang.String)
androidx.core.view.animation.PathInterpolatorCompat$Api21Impl: android.view.animation.Interpolator createPathInterpolator(float,float,float,float)
androidx.constraintlayout.core.widgets.ConstraintWidget$DimensionBehaviour: androidx.constraintlayout.core.widgets.ConstraintWidget$DimensionBehaviour[] values()
androidx.core.view.WindowInsetsCompat$Impl20: androidx.core.graphics.Insets getInsets(int)
androidx.appcompat.widget.SwitchCompat: void setTrackResource(int)
androidx.appcompat.widget.AppCompatCheckBox: android.content.res.ColorStateList getSupportBackgroundTintList()
com.google.android.material.chip.Chip: void setChipIconEnabled(boolean)
kotlin.coroutines.intrinsics.CoroutineSingletons: kotlin.coroutines.intrinsics.CoroutineSingletons valueOf(java.lang.String)
com.google.android.material.checkbox.MaterialCheckBox: void setButtonIconDrawableResource(int)
androidx.core.view.ViewCompat$Api21Impl: void setElevation(android.view.View,float)
androidx.appcompat.widget.AppCompatImageButton: android.graphics.PorterDuff$Mode getSupportImageTintMode()
com.google.android.material.button.MaterialButtonToggleGroup: void setSelectionRequired(boolean)
androidx.core.graphics.drawable.IconCompatParcelizer: androidx.core.graphics.drawable.IconCompat read(androidx.versionedparcelable.VersionedParcel)
androidx.lifecycle.EmptyActivityLifecycleCallbacks: void onActivityResumed(android.app.Activity)