occult-flash-tag/app/build/outputs/mapping/release/mapping.txt
# compiler: R8
# compiler_version: 8.10.24
# min_api: 24
# common_typos_disable
# {"id":"com.android.tools.r8.mapping","version":"2.2"}
# pg_map_id: 4112201
# pg_map_hash: SHA-256 4112201218344c07ea7a470a9e8cd1f00e5816dbeb15bb62df74e81e319842fa
br.eti.erickcouto.occultflashtag.BootUpReceiver -> br.eti.erickcouto.occultflashtag.BootUpReceiver:
# {"id":"sourceFile","fileName":"BootUpReceiver.java"}
    android.content.SharedPreferences prefs -> a
    1:4:void <init>():25:25 -> <init>
    1:7:void onReceive(android.content.Context,android.content.Intent):31:31 -> onReceive
    8:15:void onReceive(android.content.Context,android.content.Intent):33:33 -> onReceive
    16:21:void onReceive(android.content.Context,android.content.Intent):36:36 -> onReceive
    22:24:void onReceive(android.content.Context,android.content.Intent):37:37 -> onReceive
    25:28:void onReceive(android.content.Context,android.content.Intent):38:38 -> onReceive
br.eti.erickcouto.occultflashtag.DBAdapter$DatabaseHelper -> o0.a:
# {"id":"sourceFile","fileName":"DBAdapter.java"}
    1:5:void onCreate(android.database.sqlite.SQLiteDatabase):89:89 -> onCreate
    6:11:void onCreate(android.database.sqlite.SQLiteDatabase):90:90 -> onCreate
    1:5:void onUpgrade(android.database.sqlite.SQLiteDatabase,int,int):95:95 -> onUpgrade
    6:10:void onUpgrade(android.database.sqlite.SQLiteDatabase,int,int):96:96 -> onUpgrade
    11:15:void onUpgrade(android.database.sqlite.SQLiteDatabase,int,int):98:98 -> onUpgrade
    16:21:void onUpgrade(android.database.sqlite.SQLiteDatabase,int,int):99:99 -> onUpgrade
br.eti.erickcouto.occultflashtag.DataApplication -> br.eti.erickcouto.occultflashtag.DataApplication:
# {"id":"sourceFile","fileName":"DataApplication.java"}
    br.eti.erickcouto.occultflashtag.Event event -> a
      # {"id":"com.android.tools.r8.residualsignature","signature":"Lo0/e;"}
    java.lang.String currentEvent -> b
    java.lang.Long timeForStart -> c
    java.lang.Long timeForEnd -> d
    java.lang.Double currentAltitude -> e
    java.lang.Double currentLatitude -> f
    java.lang.Double currentLongitude -> g
    1:4:void <init>():24:24 -> <init>
br.eti.erickcouto.occultflashtag.DetailsActivity -> br.eti.erickcouto.occultflashtag.DetailsActivity:
# {"id":"sourceFile","fileName":"DetailsActivity.java"}
    java.util.List marks -> A
      # {"id":"com.android.tools.r8.residualsignature","signature":"Ljava/util/ArrayList;"}
    android.widget.Switch switchAB -> B
    br.eti.erickcouto.occultflashtag.DetailsActivity$PopulaAsyncTask populaAsyncTask -> C
      # {"id":"com.android.tools.r8.residualsignature","signature":"Lo0/d;"}
    java.lang.StringBuffer shareText -> D
    android.app.ProgressDialog progressDialog -> y
    java.lang.Long eventId -> z
    1:4:void <init>():47:47 -> <init>
    5:6:void <init>():50:50 -> <init>
    7:13:void <init>():51:51 -> <init>
    14:21:void <init>():53:53 -> <init>
    22:29:void <init>():55:55 -> <init>
    1:3:void onCreate(android.os.Bundle):59:59 -> onCreate
    4:7:void onCreate(android.os.Bundle):61:61 -> onCreate
    8:21:void onCreate(android.os.Bundle):62:62 -> onCreate
    22:29:void onCreate(android.os.Bundle):64:64 -> onCreate
    30:32:void onCreate(android.os.Bundle):65:65 -> onCreate
    33:39:void onCreate(android.os.Bundle):66:66 -> onCreate
    40:44:void onCreate(android.os.Bundle):67:67 -> onCreate
    45:52:void onCreate(android.os.Bundle):68:68 -> onCreate
    53:55:void onCreate(android.os.Bundle):70:70 -> onCreate
    56:62:void onCreate(android.os.Bundle):72:72 -> onCreate
    63:74:void onCreate(android.os.Bundle):74:74 -> onCreate
...
androidx.core.view.WindowInsetsControllerCompat$Impl30 -> N.D0:
# {"id":"sourceFile","fileName":"WindowInsetsControllerCompat.java"}
    android.view.WindowInsetsController mInsetsController -> e
    android.view.Window mWindow -> f
    1:3:void androidx.core.view.WindowInsetsControllerCompat$Impl.<init>():388:388 -> <init>
    1:3:void <init>(android.view.WindowInsetsController,androidx.core.view.WindowInsetsControllerCompat,androidx.core.view.SoftwareKeyboardControllerCompat):635 -> <init>
      # {"id":"com.android.tools.r8.residualsignature","signature":"(Landroid/view/WindowInsetsController;Ls0/g;)V"}
    4:6:void <init>(android.view.WindowInsetsController,androidx.core.view.WindowInsetsControllerCompat,androidx.core.view.SoftwareKeyboardControllerCompat):636:636 -> <init>
    1:6:void setAppearanceLightNavigationBars(boolean):706:706 -> R
    7:10:void setSystemUiFlag(int):827:827 -> R
    7:10:void setAppearanceLightNavigationBars(boolean):708 -> R
    11:16:void setSystemUiFlag(int):829:829 -> R
    11:16:void setAppearanceLightNavigationBars(boolean):708 -> R
    17:19:void setSystemUiFlag(int):828:828 -> R
    17:19:void setAppearanceLightNavigationBars(boolean):708 -> R
    20:27:void setAppearanceLightNavigationBars(boolean):711:711 -> R
    28:31:void unsetSystemUiFlag(int):820:820 -> R
    28:31:void setAppearanceLightNavigationBars(boolean):716 -> R
    32:37:void unsetSystemUiFlag(int):822:822 -> R
androidx.core.view.accessibility.AccessibilityClickableSpanCompat -> O.a:
# {"id":"sourceFile","fileName":"AccessibilityClickableSpanCompat.java"}
    int mOriginalClickableSpanId -> a
    androidx.core.view.accessibility.AccessibilityNodeInfoCompat mNodeInfoCompat -> b
      # {"id":"com.android.tools.r8.residualsignature","signature":"LO/l;"}
    int mClickableSpanActionId -> c
    1:3:void <init>(int,androidx.core.view.accessibility.AccessibilityNodeInfoCompat,int):53:53 -> <init>
      # {"id":"com.android.tools.r8.residualsignature","signature":"(ILO/l;I)V"}
    4:5:void <init>(int,androidx.core.view.accessibility.AccessibilityNodeInfoCompat,int):54:54 -> <init>
    6:7:void <init>(int,androidx.core.view.accessibility.AccessibilityNodeInfoCompat,int):55:55 -> <init>
    8:10:void <init>(int,androidx.core.view.accessibility.AccessibilityNodeInfoCompat,int):56:56 -> <init>
    1:5:void onClick(android.view.View):67:67 -> onClick
    6:12:void onClick(android.view.View):68:68 -> onClick
    13:16:boolean androidx.core.view.accessibility.AccessibilityNodeInfoCompat.performAction(int,android.os.Bundle):2632:2632 -> onClick
    13:16:void onClick(android.view.View):69 -> onClick
      # {"id":"com.android.tools.r8.rewriteFrame","conditions":["throws(Ljava/lang/NullPointerException;)"],"actions":["removeInnerFrames(1)"]}
    17:22:boolean androidx.core.view.accessibility.AccessibilityNodeInfoCompat.performAction(int,android.os.Bundle):2632:2632 -> onClick
androidx.core.view.accessibility.AccessibilityEventCompat -> R8$$REMOVED$$CLASS$$67:
# {"id":"sourceFile","fileName":"AccessibilityEventCompat.java"}
androidx.core.view.accessibility.AccessibilityManagerCompat -> R8$$REMOVED$$CLASS$$68:
# {"id":"sourceFile","fileName":"AccessibilityManagerCompat.java"}