occult-flash-tag/app/build/outputs/mapping/release/usage.txt
br.eti.erickcouto.occultflashtag.DBAdapter:
    public static final java.lang.String COLUMN_EVENT_ALTITUDE
    public static final java.lang.String COLUMN_EVENT_BODY1
    public static final java.lang.String COLUMN_EVENT_BODY2
    public static final java.lang.String COLUMN_EVENT_DATE
    public static final java.lang.String COLUMN_EVENT_ID
    public static final java.lang.String COLUMN_EVENT_LATITUDE
    public static final java.lang.String COLUMN_EVENT_LONGITUDE
    public static final java.lang.String COLUMN_EVENT_NOTE
    public static final java.lang.String COLUMN_EVENT_STATUS
    public static final java.lang.String COLUMN_EVENT_SYNCED
    public static final java.lang.String COLUMN_EVENT_TYPE
    public static final java.lang.String COLUMN_MARK_AUDITEDTIME
    public static final java.lang.String COLUMN_MARK_BOOTCOUNTER
    public static final java.lang.String COLUMN_MARK_ELAPSEDTIME
    public static final java.lang.String COLUMN_MARK_EVENT
    public static final java.lang.String COLUMN_MARK_ID
    private static final java.lang.String DATABASE_CREATE_EVENT
    private static final java.lang.String DATABASE_CREATE_MARK
    private static final java.lang.String DATABASE_DROP_EVENT
    private static final java.lang.String DATABASE_DROP_MARK
    private static final java.lang.String DATABASE_NAME
    private static final int DATABASE_VERSION
    public static final java.lang.String TABLE_EVENT
    public static final java.lang.String TABLE_MARK
br.eti.erickcouto.occultflashtag.DataApplication:
    private java.lang.Long systemTimeZoneDiff
    public java.lang.Long getSystemTimeZoneDiff()
br.eti.erickcouto.occultflashtag.DetailsActivity:
    private static final java.lang.String BREAK_LINE
br.eti.erickcouto.occultflashtag.ENtpServer:
    public int getCodigo()
    public static br.eti.erickcouto.occultflashtag.ENtpServer lookup(java.lang.String)
br.eti.erickcouto.occultflashtag.Mark:
    public java.lang.Integer getBootCounter()
br.eti.erickcouto.occultflashtag.OccultFlashTag:
    private static final java.lang.String BREAK_LINE
    private static final int TWO_MINUTES
    public java.lang.String formatDateByMilliseconds(java.lang.Long)
    public java.lang.String formatTimeByMilliseconds(java.lang.Long)
br.eti.erickcouto.occultflashtag.OnNtpTimeReceived
br.eti.erickcouto.occultflashtag.R$anim
br.eti.erickcouto.occultflashtag.R$array
br.eti.erickcouto.occultflashtag.R$color
br.eti.erickcouto.occultflashtag.R$dimen
br.eti.erickcouto.occultflashtag.R$drawable
br.eti.erickcouto.occultflashtag.R$id
br.eti.erickcouto.occultflashtag.R$layout
br.eti.erickcouto.occultflashtag.R$menu
br.eti.erickcouto.occultflashtag.R$string
br.eti.erickcouto.occultflashtag.R$style
br.eti.erickcouto.occultflashtag.R$xml
br.eti.erickcouto.occultflashtag.R
br.eti.erickcouto.occultflashtag.SettingsFragment2
br.eti.erickcouto.occultflashtag.SntpClient:
    private static final int NTP_MODE_CLIENT
    private static final int NTP_PACKET_SIZE
    private static final int NTP_PORT
    private static final int NTP_VERSION
    private static final long OFFSET_1900_TO_1970
    private static final int ORIGINATE_TIME_OFFSET
    private static final int RECEIVE_TIME_OFFSET
    private static final int REFERENCE_TIME_OFFSET
    private static final java.lang.String TAG
    private static final int TRANSMIT_TIME_OFFSET
    public long getRoundTripTime()
br.eti.erickcouto.occultflashtag.UTCTime
br.eti.erickcouto.occultflashtag.DBAdapter:
    public final android.content.Context context
    public static void deleteEvent()
    public static java.util.List getAllErrorMarks()
    public static java.util.List getAllMarksByEvent()
    public static java.util.List getAllUnauditedsMarks()
    public static void markEventAsDefault()
    public static void markEventAsError()
    public static void markEventAsProduction()
    public static void markEventAsSynced()
    public static void storeAuditedTime()
...
com.google.android.material.floatingactionbutton.ExtendedFloatingActionButton$HideStrategy
com.google.android.material.floatingactionbutton.ExtendedFloatingActionButton$OnChangedCallback:
    public void <init>()
    public void onExtended(com.google.android.material.floatingactionbutton.ExtendedFloatingActionButton)
    public void onHidden(com.google.android.material.floatingactionbutton.ExtendedFloatingActionButton)
    public void onShown(com.google.android.material.floatingactionbutton.ExtendedFloatingActionButton)
    public void onShrunken(com.google.android.material.floatingactionbutton.ExtendedFloatingActionButton)
com.google.android.material.floatingactionbutton.ExtendedFloatingActionButton$ShowStrategy
com.google.android.material.floatingactionbutton.ExtendedFloatingActionButton$Size
com.google.android.material.floatingactionbutton.ExtendedFloatingActionButton:
    private static final int ANIM_STATE_HIDING
    private static final int ANIM_STATE_NONE
    private static final int ANIM_STATE_SHOWING
    private static final int EXTEND
    private static final int EXTEND_STRATEGY_AUTO
    private static final int EXTEND_STRATEGY_MATCH_PARENT
    private static final int EXTEND_STRATEGY_WRAP_CONTENT
    private static final int HIDE
    private static final int SHOW
    private static final int SHRINK
    private final androidx.coordinatorlayout.widget.CoordinatorLayout$Behavior behavior
    private final com.google.android.material.floatingactionbutton.AnimatorTracker changeVisibilityTracker
    private final int collapsedSize
    private final int extendStrategyType
    private int extendedPaddingEnd
    private int extendedPaddingStart
    private boolean isExtended
    private boolean isTransforming
    protected android.content.res.ColorStateList originalTextCsl
    public void <init>(android.content.Context)
    public void <init>(android.content.Context,android.util.AttributeSet)
    public void <init>(android.content.Context,android.util.AttributeSet,int)
    static synthetic int access$000(com.google.android.material.floatingactionbutton.ExtendedFloatingActionButton)
    static synthetic int access$100(com.google.android.material.floatingactionbutton.ExtendedFloatingActionButton)
com.google.android.material.floatingactionbutton.FloatingActionButton$1
com.google.android.material.floatingactionbutton.FloatingActionButton$BaseBehavior:
    private static final boolean AUTO_HIDE_DEFAULT
    public boolean isAutoHideEnabled()
    public void setAutoHideEnabled(boolean)
    public void setInternalAutoHideListener(com.google.android.material.floatingactionbutton.FloatingActionButton$OnVisibilityChangedListener)
com.google.android.material.floatingactionbutton.FloatingActionButton$Behavior:
    public synthetic bridge boolean isAutoHideEnabled()
    public synthetic bridge void setAutoHideEnabled(boolean)
    public synthetic bridge void setInternalAutoHideListener(com.google.android.material.floatingactionbutton.FloatingActionButton$OnVisibilityChangedListener)
com.google.android.material.floatingactionbutton.FloatingActionButton$OnVisibilityChangedListener:
    public void <init>()
    public void onHidden(com.google.android.material.floatingactionbutton.FloatingActionButton)
    public void onShown(com.google.android.material.floatingactionbutton.FloatingActionButton)
com.google.android.material.floatingactionbutton.FloatingActionButton$ShadowDelegateImpl
com.google.android.material.floatingactionbutton.FloatingActionButton$Size
com.google.android.material.floatingactionbutton.FloatingActionButton$TransformationCallbackWrapper